<?xml version="1.0" encoding="UTF-8"?>
<testsuite name="CarSetTest" tests="3" skipped="0" failures="0" errors="0" timestamp="2023-03-12T10:15:01" hostname="DESKTOP-GVIQ2GB" time="0.006">
  <properties/>
  <testcase name="whenElementRemovedSizeMustDecrease" classname="CarSetTest" time="0.005"/>
  <testcase name="ifAddedElementAlreadyInCollection" classname="CarSetTest" time="0.001"/>
  <testcase name="afterClearSizeMustBe0" classname="CarSetTest" time="0.0"/>
  <system-out><![CDATA[]]></system-out>
  <system-err><![CDATA[]]></system-err>
</testsuite>
